<?xml version="1.0" encoding="UTF-8"?>
<testng-results ignored="0" total="5" passed="5" failed="0" skipped="0">
  <reporter-output>
    <line>
      <![CDATA[lunchedbrowser]]>
    </line>
  </reporter-output>
  <suite started-at="2023-02-23T08:36:46Z" name="Default Suite" finished-at="2023-02-23T08:37:06Z" duration-ms="19399">
    <groups>
    </groups>
    <test started-at="2023-02-23T08:36:46Z" name="UTH_UK_AssesmentPortal" finished-at="2023-02-23T08:37:06Z" duration-ms="19399">
      <class name="Main.testcase.Testcase">
        <test-method is-config="true" signature="LunchBrowserAndNavigateToUrlSetup()[pri:0, instance:Main.testcase.Testcase@7fe8ea47]" started-at="2023-02-23T14:06:46Z" name="LunchBrowserAndNavigateToUrlSetup" finished-at="2023-02-23T14:06:46Z" duration-ms="14" status="PASS">
          <reporter-output>
            <line>
              <![CDATA[lunchedbrowser]]>
            </line>
          </reporter-output>
        </test-method> <!-- LunchBrowserAndNavigateToUrlSetup -->
        <test-method signature="Register_Test(java.lang.String, java.lang.String, java.lang.String, java.lang.String)[pri:1, instance:Main.testcase.Testcase@7fe8ea47]" started-at="2023-02-23T14:06:47Z" name="Register_Test" data-provider="TestScript_1" finished-at="2023-02-23T14:06:51Z" duration-ms="3908" status="PASS">
          <params>
            <param index="0">
              <value>
                <![CDATA[John Doe]]>
              </value>
            </param>
            <param index="1">
              <value>
                <![CDATA[ThisIsNotAPassword]]>
              </value>
            </param>
            <param index="2">
              <value>
                <![CDATA[Medicaid]]>
              </value>
            </param>
            <param index="3">
              <value>
                <![CDATA[Yes]]>
              </value>
            </param>
          </params>
          <reporter-output>
          </reporter-output>
        </test-method> <!-- Register_Test -->
        <test-method is-config="true" signature="FailureSetup(org.testng.ITestResult)[pri:0, instance:Main.testcase.Testcase@7fe8ea47]" started-at="2023-02-23T14:06:51Z" name="FailureSetup" finished-at="2023-02-23T14:06:51Z" duration-ms="4" status="PASS">
          <params>
            <param index="0">
              <value>
                <![CDATA[[TestResult name=Register_Test status=SUCCESS method=Testcase.Register_Test(java.lang.String, java.lang.String, java.lang.String, java.lang.String)[pri:1, instance:Main.testcase.Testcase@7fe8ea47] output={null}]]]>
              </value>
            </param>
          </params>
          <reporter-output>
          </reporter-output>
        </test-method> <!-- FailureSetup -->
        <test-method signature="Register_Test(java.lang.String, java.lang.String, java.lang.String, java.lang.String)[pri:1, instance:Main.testcase.Testcase@7fe8ea47]" started-at="2023-02-23T14:06:51Z" name="Register_Test" data-provider="TestScript_1" finished-at="2023-02-23T14:06:54Z" duration-ms="2671" status="PASS">
          <params>
            <param index="0">
              <value>
                <![CDATA[John Doe]]>
              </value>
            </param>
            <param index="1">
              <value>
                <![CDATA[ThisIsNotAPassword]]>
              </value>
            </param>
            <param index="2">
              <value>
                <![CDATA[None]]>
              </value>
            </param>
            <param index="3">
              <value>
                <![CDATA[Yes]]>
              </value>
            </param>
          </params>
          <reporter-output>
          </reporter-output>
        </test-method> <!-- Register_Test -->
        <test-method is-config="true" signature="FailureSetup(org.testng.ITestResult)[pri:0, instance:Main.testcase.Testcase@7fe8ea47]" started-at="2023-02-23T14:06:54Z" name="FailureSetup" finished-at="2023-02-23T14:06:54Z" duration-ms="1" status="PASS">
          <params>
            <param index="0">
              <value>
                <![CDATA[[TestResult name=Register_Test status=SUCCESS method=Testcase.Register_Test(java.lang.String, java.lang.String, java.lang.String, java.lang.String)[pri:1, instance:Main.testcase.Testcase@7fe8ea47] output={null}]]]>
              </value>
            </param>
          </params>
          <reporter-output>
          </reporter-output>
        </test-method> <!-- FailureSetup -->
        <test-method signature="Login_Test(java.lang.String, java.lang.String, java.lang.String)[pri:2, instance:Main.testcase.Testcase@7fe8ea47]" started-at="2023-02-23T14:06:54Z" name="Login_Test" data-provider="TestScript_2" finished-at="2023-02-23T14:06:58Z" duration-ms="4594" status="PASS">
          <params>
            <param index="0">
              <value>
                <![CDATA[Shreyank]]>
              </value>
            </param>
            <param index="1">
              <value>
                <![CDATA[Shallu@99]]>
              </value>
            </param>
            <param index="2">
              <value>
                <![CDATA[Yes]]>
              </value>
            </param>
          </params>
          <reporter-output>
          </reporter-output>
        </test-method> <!-- Login_Test -->
        <test-method is-config="true" signature="FailureSetup(org.testng.ITestResult)[pri:0, instance:Main.testcase.Testcase@7fe8ea47]" started-at="2023-02-23T14:06:58Z" name="FailureSetup" finished-at="2023-02-23T14:06:58Z" duration-ms="1" status="PASS">
          <params>
            <param index="0">
              <value>
                <![CDATA[[TestResult name=Login_Test status=SUCCESS method=Testcase.Login_Test(java.lang.String, java.lang.String, java.lang.String)[pri:2, instance:Main.testcase.Testcase@7fe8ea47] output={null}]]]>
              </value>
            </param>
          </params>
          <reporter-output>
          </reporter-output>
        </test-method> <!-- FailureSetup -->
        <test-method signature="Login_Test(java.lang.String, java.lang.String, java.lang.String)[pri:2, instance:Main.testcase.Testcase@7fe8ea47]" started-at="2023-02-23T14:06:58Z" name="Login_Test" data-provider="TestScript_2" finished-at="2023-02-23T14:07:02Z" duration-ms="3753" status="PASS">
          <params>
            <param index="0">
              <value>
                <![CDATA[Darshanmj]]>
              </value>
            </param>
            <param index="1">
              <value>
                <![CDATA[Darshanmj@2124]]>
              </value>
            </param>
            <param index="2">
              <value>
                <![CDATA[Yes]]>
              </value>
            </param>
          </params>
          <reporter-output>
          </reporter-output>
        </test-method> <!-- Login_Test -->
        <test-method is-config="true" signature="FailureSetup(org.testng.ITestResult)[pri:0, instance:Main.testcase.Testcase@7fe8ea47]" started-at="2023-02-23T14:07:02Z" name="FailureSetup" finished-at="2023-02-23T14:07:02Z" duration-ms="1" status="PASS">
          <params>
            <param index="0">
              <value>
                <![CDATA[[TestResult name=Login_Test status=SUCCESS method=Testcase.Login_Test(java.lang.String, java.lang.String, java.lang.String)[pri:2, instance:Main.testcase.Testcase@7fe8ea47] output={null}]]]>
              </value>
            </param>
          </params>
          <reporter-output>
          </reporter-output>
        </test-method> <!-- FailureSetup -->
        <test-method signature="Login_Test(java.lang.String, java.lang.String, java.lang.String)[pri:2, instance:Main.testcase.Testcase@7fe8ea47]" started-at="2023-02-23T14:07:02Z" name="Login_Test" data-provider="TestScript_2" finished-at="2023-02-23T14:07:06Z" duration-ms="3494" status="PASS">
          <params>
            <param index="0">
              <value>
                <![CDATA[Darshanmj]]>
              </value>
            </param>
            <param index="1">
              <value>
                <![CDATA[Darshanmj@2124]]>
              </value>
            </param>
            <param index="2">
              <value>
                <![CDATA[Yes]]>
              </value>
            </param>
          </params>
          <reporter-output>
          </reporter-output>
        </test-method> <!-- Login_Test -->
        <test-method is-config="true" signature="FailureSetup(org.testng.ITestResult)[pri:0, instance:Main.testcase.Testcase@7fe8ea47]" started-at="2023-02-23T14:07:06Z" name="FailureSetup" finished-at="2023-02-23T14:07:06Z" duration-ms="1" status="PASS">
          <params>
            <param index="0">
              <value>
                <![CDATA[[TestResult name=Login_Test status=SUCCESS method=Testcase.Login_Test(java.lang.String, java.lang.String, java.lang.String)[pri:2, instance:Main.testcase.Testcase@7fe8ea47] output={null}]]]>
              </value>
            </param>
          </params>
          <reporter-output>
          </reporter-output>
        </test-method> <!-- FailureSetup -->
      </class> <!-- Main.testcase.Testcase -->
    </test> <!-- UTH_UK_AssesmentPortal -->
  </suite> <!-- Default Suite -->
</testng-results>
