<?xml version="1.0" encoding="UTF-8"?>
<!-- Generated by org.testng.reporters.JUnitXMLReporter -->
<testsuite ignored="0" hostname="LAPTOP-IKA23L7Q" failures="0" tests="2" name="Uth-uk Assesment portal" time="0.93" errors="0" timestamp="22 Feb 2023 16:04:51 GMT">
  <testcase classname="Main.testcase.BaseTestNG" name="@BeforeClass LunchBrowserAndNavigateToUrlSetup" time="0.013">
    <failure type="java.lang.NullPointerException" message="Cannot invoke &amp;quot;org.openqa.selenium.WebDriver.manage()&amp;quot; because &amp;quot;this.driver&amp;quot; is null">
      <![CDATA[java.lang.NullPointerException: Cannot invoke "org.openqa.selenium.WebDriver.manage()" because "this.driver" is null
	at Com.Base.resources.base.initializeDriver(base.java:46)
	at Main.testcase.BaseTestNG.LunchBrowserAndNavigateToUrlSetup(BaseTestNG.java:14)
	at com.intellij.rt.testng.IDEARemoteTestNG.run(IDEARemoteTestNG.java:66)
	at com.intellij.rt.testng.RemoteTestNGStarter.main(RemoteTestNGStarter.java:109)
... Removed 20 stack frames]]>
    </failure>
  </testcase> <!-- @BeforeClass LunchBrowserAndNavigateToUrlSetup -->
  <testcase classname="Main.testcase.demo" name="test" time="0.0">
    <skipped/>
  </testcase> <!-- test -->
  <testcase classname="Main.testcase.demo" name="test" time="0.0">
    <skipped/>
  </testcase> <!-- test -->
</testsuite> <!-- Uth-uk Assesment portal -->
