<?xml version="1.0" encoding="UTF-8"?>
<!-- Generated by org.testng.reporters.JUnitXMLReporter -->
<testsuite ignored="0" hostname="LAPTOP-30GKFPTR" failures="0" tests="5" name="UTH_UK_AssesmentPortal" time="19.399" errors="0" timestamp="23 Feb 2023 08:37:06 GMT">
  <testcase classname="Main.testcase.Testcase" name="Register_Test" time="3.908"/>
  <testcase classname="Main.testcase.Testcase" name="Register_Test" time="2.671"/>
  <testcase classname="Main.testcase.Testcase" name="Login_Test" time="4.594"/>
  <testcase classname="Main.testcase.Testcase" name="Login_Test" time="3.753"/>
  <testcase classname="Main.testcase.Testcase" name="Login_Test" time="3.494"/>
</testsuite> <!-- UTH_UK_AssesmentPortal -->
